=================================================
            Trace Event Information              
=================================================
  Total records                     :      12247
  Locked Load/Store Operations      :        870
  Load Operations                   :       3496
  Loads - uncacheable               :          0
  Loads - IO                        :          0
  Loads - Miss                      :          0
  Loads - no mapping                :          1
  Load Fill Buffer Hit              :       1509
  Load L1D hit                      :       1189
  Load L2D hit                      :          4
  Load LLC hit                      :        792
  Load Local HITM                   :        299
  Load Remote HITM                  :          0
  Load Remote HIT                   :          0
  Load Local DRAM                   :          1
  Load Remote DRAM                  :          0
  Load MESI State Exclusive         :          0
  Load MESI State Shared            :          1
  Load LLC Misses                   :          1
  Load access blocked by data       :          0
  Load access blocked by address    :          0
  Load HIT Local Peer               :          0
  Load HIT Remote Peer              :          0
  LLC Misses to Local DRAM          :      100.0%
  LLC Misses to Remote DRAM         :        0.0%
  LLC Misses to Remote cache (HIT)  :        0.0%
  LLC Misses to Remote cache (HITM) :        0.0%
  Store Operations                  :       8751
  Store - uncacheable               :          0
  Store - no mapping                :          1
  Store L1D Hit                     :       8470
  Store L1D Miss                    :        280
  Store No available memory level   :          0
  No Page Map Rejects               :          1
  Unable to parse data source       :          0

=================================================
    Global Shared Cache Line Event Information   
=================================================
  Total Shared Cache Lines          :          2
  Load HITs on shared lines         :       2272
  Fill Buffer Hits on shared lines  :       1004
  L1D hits on shared lines          :        842
  L2D hits on shared lines          :          0
  LLC hits on shared lines          :        426
  Load hits on peer cache or nodes  :          0
  Locked Access on shared lines     :        870
  Blocked Access on shared lines    :          0
  Store HITs on shared lines        :       1703
  Store L1D hits on shared lines    :       1427
  Store No available memory level   :          0
  Total Merged records              :       2002

=================================================
                 c2c details                     
=================================================
  Events                            : cpu/mem-loads,ldlat=30/P
                                    : cpu/mem-stores/P
  Cachelines sort on                : Total HITMs
  Cacheline data grouping           : offset,iaddr

=================================================
           Shared Data Cache Line Table          
=================================================
#
#        ----------- Cacheline ----------      Tot  ------- Load Hitm -------    Total    Total    Total  --------- Stores --------  ----- Core Load Hit -----  - LLC Load Hit --  - RMT Load Hit --  --- Load Dram ----
# Index             Address  Node  PA cnt     Hitm    Total  LclHitm  RmtHitm  records    Loads   Stores    L1Hit   L1Miss      N/A       FB       L1       L2    LclHit  LclHitm    RmtHit  RmtHitm       Lcl       Rmt
# .....  ..................  ....  ......  .......  .......  .......  .......  .......  .......  .......  .......  .......  .......  .......  .......  .......  ........  .......  ........  .......  ........  ........
#
      0      0x643765f2a280     0    2566   98.66%      295      295        0     3704     2065     1639     1363      276        0      876      778        0       116      295         0        0         0         0
      1      0x643765f2a380     0     186    1.34%        4        4        0      271      207       64       64        0        0      128       64        0        11        4         0        0         0         0

=================================================
      Shared Cache Line Distribution Pareto      
=================================================
#
# ----- HITM -----  ------- Store Refs ------  ------- CL --------                      ---------- cycles ----------    Total       cpu                                        Shared                                 
# RmtHitm  LclHitm   L1 Hit  L1 Miss      N/A    Off  Node  PA cnt        Code address  rmt hitm  lcl hitm      load  records       cnt                          Symbol        Object                Source:Line  Node{cpu list}
# .......  .......  .......  .......  .......  .....  ....  ......  ..................  ........  ........  ........  .......  ........  ..............................  ............  .........................  ....
#
  ----------------------------------------------------------------------
      0        0      295     1363      276        0      0x643765f2a280
  ----------------------------------------------------------------------
    0.00%   13.22%    0.00%    0.00%    0.00%    0x0     0       1      0x643765f2435c         0       133        99       54         1  [.] thread_runner(void*)        problem1.out  thread_runner(void*)+552    0{2}
    0.00%    0.00%    3.15%   17.75%    0.00%    0x0     0       1      0x643765f24379         0         0         0       92         1  [.] thread_runner(void*)        problem1.out  thread_runner(void*)+581    0{2}
    0.00%   14.58%    0.00%    0.00%    0.00%    0x8     0       1      0x643765f2435c         0       150        73       53         2  [.] thread_runner(void*)        problem1.out  thread_runner(void*)+552    0{3-4}
    0.00%    0.00%    2.93%   20.65%    0.00%    0x8     0       1      0x643765f24379         0         0         0       97         2  [.] thread_runner(void*)        problem1.out  thread_runner(void*)+581    0{3-4}
    0.00%   14.92%    0.00%    0.00%    0.00%   0x10     0       1      0x643765f2435c         0       146       115       54         1  [.] thread_runner(void*)        problem1.out  thread_runner(void*)+552    0{5}
    0.00%    0.00%    4.04%   17.75%    0.00%   0x10     0       1      0x643765f24379         0         0         0      104         1  [.] thread_runner(void*)        problem1.out  thread_runner(void*)+581    0{5}
    0.00%    9.83%    0.00%    0.00%    0.00%   0x18     0       1      0x643765f2435c         0       129        97       41         1  [.] thread_runner(void*)        problem1.out  thread_runner(void*)+552    0{0}
    0.00%    0.00%    3.23%   19.57%    0.00%   0x18     0       1      0x643765f24379         0         0         0       98         1  [.] thread_runner(void*)        problem1.out  thread_runner(void*)+581    0{0}
    0.00%    7.46%    0.00%    0.00%    0.00%   0x20     0       1      0x643765f2435c         0       130        42       25         1  [.] thread_runner(void*)        problem1.out  thread_runner(void*)+552    0{7}
    0.00%    3.73%    0.00%    0.00%    0.00%   0x20     0       1      0x643765f2427c         0       114        70       12         5  [.] thread_runner(void*)        problem1.out  thread_runner(void*)+328    0{0,3-5,7}
    0.00%    0.00%    0.00%    2.90%    0.00%   0x20     0       1      0x643765f24287         0         0         0        8         3  [.] thread_runner(void*)        problem1.out  thread_runner(void*)+339    0{0,2,4}
    0.00%    0.00%    3.60%   17.03%    0.00%   0x20     0       1      0x643765f24379         0         0         0       96         1  [.] thread_runner(void*)        problem1.out  thread_runner(void*)+581    0{7}
    0.00%    1.36%    0.00%    0.00%    0.00%   0x28     0       1      0x643765f2438c         0       163       120      264         6  [.] thread_runner(void*)        problem1.out  thread_runner(void*)+600    0{0,2-5,7}
    0.00%    0.00%    0.15%    0.00%    0.00%   0x28     0       1      0x643765f24397         0         0         0        2         2  [.] thread_runner(void*)        problem1.out  thread_runner(void*)+611    0{2,7}
    0.00%    7.46%    0.00%    0.00%    0.00%   0x30     0       1      0x7ace4fe91294         0       159       227       39         6  [.] __GI___lll_lock_wait        libc.so.6     lowlevellock.c:42           0{0,2-5,7}
    0.00%    7.12%   31.40%    0.00%    0.00%   0x30     0       1      0x7ace4fe97f40         0       401       243      706         6  [.] pthread_mutex_lock@@GLIBC_  libc.so.6     pthread_mutex_lock.c:48     0{0,2-5,7}
    0.00%    4.75%   45.34%    0.00%    0.00%   0x30     0       1      0x7ace4fe99aa4         0       463       170      992         6  [.] pthread_mutex_unlock@@GLIB  libc.so.6     pthread_mutex_unlock.c:43   0{0,2-5,7}
    0.00%    2.71%    3.08%    0.00%    0.00%   0x30     0       1      0x7ace4fe912a3         0       379       175      195         6  [.] __GI___lll_lock_wait        libc.so.6     lowlevellock.c:45           0{0,2-5,7}
    0.00%   12.20%    0.00%    0.00%    0.00%   0x38     0       1      0x7ace4fe97f4a         0       155       111      276         6  [.] pthread_mutex_lock@@GLIBC_  libc.so.6     pthread_mutex_lock.c:94     0{0,2-5,7}
    0.00%    0.00%    0.66%    2.54%    0.00%   0x38     0       1      0x7ace4fe97f5d         0         0         0       16         6  [.] pthread_mutex_lock@@GLIBC_  libc.so.6     pthread_mutex_lock.c:170    0{0,2-5,7}
    0.00%    0.68%    2.35%    1.81%    0.00%   0x3c     0       1      0x7ace4fe99a8c         0       123       120      243         6  [.] pthread_mutex_unlock@@GLIB  libc.so.6     pthread_mutex_unlock.c:65   0{0,2-5,7}
    0.00%    0.00%    0.07%    0.00%    0.00%   0x3c     0       1      0x7ace4fe97f60         0         0       116      237         6  [.] pthread_mutex_lock@@GLIBC_  libc.so.6     pthread_mutex_lock.c:172    0{0,2-5,7}

  ----------------------------------------------------------------------
      1        0        4       64        0        0      0x643765f2a380
  ----------------------------------------------------------------------
    0.00%    0.00%   21.88%    0.00%    0.00%    0x0     0       1      0x7ace4fe97f40         0         0       191       41         6  [.] pthread_mutex_lock@@GLIBC_  libc.so.6  pthread_mutex_lock.c:48     0{0,2-5,7}
    0.00%    0.00%   76.56%    0.00%    0.00%    0x0     0       1      0x7ace4fe99aa4         0         0       255       86         6  [.] pthread_mutex_unlock@@GLIB  libc.so.6  pthread_mutex_unlock.c:43   0{0,2-5,7}
    0.00%    0.00%    1.56%    0.00%    0.00%    0xc     0       1      0x7ace4fe99a8c         0         0        78       21         6  [.] pthread_mutex_unlock@@GLIB  libc.so.6  pthread_mutex_unlock.c:65   0{0,2-5,7}
    0.00%  100.00%    0.00%    0.00%    0.00%   0x10     0       1      0x7ace4fe97ef4         0       121        89       15         6  [.] pthread_mutex_lock@@GLIBC_  libc.so.6  pthread_mutex_lock.c:80     0{0,2-5,7}
